  1-9.cpp
<<<<<<< HEAD
C:\Users\Foryoucom\Documents\GitHub\computer_grapics\1-9.cpp(161,94): warning C4244: '인수': 'double'에서 'float'(으)로 변환하면서 데이터가 손실될 수 있습니다.
C:\Users\Foryoucom\Documents\GitHub\computer_grapics\1-9.cpp(161,187): warning C4244: '인수': 'double'에서 'float'(으)로 변환하면서 데이터가 손실될 수 있습니다.
C:\Users\Foryoucom\Documents\GitHub\computer_grapics\1-9.cpp(172,103): warning C4244: '인수': 'double'에서 'float'(으)로 변환하면서 데이터가 손실될 수 있습니다.
C:\Users\Foryoucom\Documents\GitHub\computer_grapics\1-9.cpp(172,197): warning C4244: '인수': 'double'에서 'float'(으)로 변환하면서 데이터가 손실될 수 있습니다.
C:\Users\Foryoucom\Documents\GitHub\computer_grapics\1-9.cpp(181,95): warning C4244: '인수': 'double'에서 'float'(으)로 변환하면서 데이터가 손실될 수 있습니다.
C:\Users\Foryoucom\Documents\GitHub\computer_grapics\1-9.cpp(181,189): warning C4244: '인수': 'double'에서 'float'(으)로 변환하면서 데이터가 손실될 수 있습니다.
C:\Users\Foryoucom\Documents\GitHub\computer_grapics\1-9.cpp(198,1): warning C4326: 'main'의 반환 형식이 'int'이어야 하는데 'void'입니다.
  computergrapics.vcxproj -> C:\Users\Foryoucom\Documents\GitHub\computer_grapics\Debug\computergrapics.exe
=======
C:\Users\고경태\Documents\GitHub\computer_grapics\1-9.cpp(142,94): warning C4244: '인수': 'double'에서 'float'(으)로 변환하면서 데이터가 손실될 수 있습니다.
C:\Users\고경태\Documents\GitHub\computer_grapics\1-9.cpp(142,187): warning C4244: '인수': 'double'에서 'float'(으)로 변환하면서 데이터가 손실될 수 있습니다.
C:\Users\고경태\Documents\GitHub\computer_grapics\1-9.cpp(153,103): warning C4244: '인수': 'double'에서 'float'(으)로 변환하면서 데이터가 손실될 수 있습니다.
C:\Users\고경태\Documents\GitHub\computer_grapics\1-9.cpp(153,197): warning C4244: '인수': 'double'에서 'float'(으)로 변환하면서 데이터가 손실될 수 있습니다.
C:\Users\고경태\Documents\GitHub\computer_grapics\1-9.cpp(162,95): warning C4244: '인수': 'double'에서 'float'(으)로 변환하면서 데이터가 손실될 수 있습니다.
C:\Users\고경태\Documents\GitHub\computer_grapics\1-9.cpp(162,189): warning C4244: '인수': 'double'에서 'float'(으)로 변환하면서 데이터가 손실될 수 있습니다.
C:\Users\고경태\Documents\GitHub\computer_grapics\1-9.cpp(178,1): warning C4326: 'main'의 반환 형식이 'int'이어야 하는데 'void'입니다.
  computergrapics.vcxproj -> C:\Users\고경태\Documents\GitHub\computer_grapics\Debug\computergrapics.exe
>>>>>>> f52ef13f339c0663dff8aacf93c59d4213bb3540
